{"E:\\Coding Repos\\ExpressJS\\Ascenda Loyalty Test\\Ascenda Loyalty Test\\__test__\\controllers\\mockReponseCase.js": {"path":"E:\\Coding Repos\\ExpressJS\\Ascenda Loyalty Test\\Ascenda Loyalty Test\\__test__\\controllers\\mockReponseCase.js","all":false,"statementMap":{"0":{"start":{"line":1,"column":0},"end":{"line":1,"column":25}},"1":{"start":{"line":2,"column":0},"end":{"line":2,"column":3}},"2":{"start":{"line":3,"column":0},"end":{"line":3,"column":10}},"3":{"start":{"line":4,"column":0},"end":{"line":4,"column":21}},"4":{"start":{"line":5,"column":0},"end":{"line":5,"column":39}},"5":{"start":{"line":6,"column":0},"end":{"line":6,"column":16}},"6":{"start":{"line":7,"column":0},"end":{"line":7,"column":16}},"7":{"start":{"line":8,"column":0},"end":{"line":8,"column":7}},"8":{"start":{"line":9,"column":0},"end":{"line":9,"column":14}},"9":{"start":{"line":10,"column":0},"end":{"line":10,"column":33}},"10":{"start":{"line":11,"column":0},"end":{"line":11,"column":22}},"11":{"start":{"line":12,"column":0},"end":{"line":12,"column":8}},"12":{"start":{"line":13,"column":0},"end":{"line":13,"column":6}},"13":{"start":{"line":14,"column":0},"end":{"line":14,"column":27}},"14":{"start":{"line":15,"column":0},"end":{"line":15,"column":4}},"15":{"start":{"line":16,"column":0},"end":{"line":16,"column":3}},"16":{"start":{"line":17,"column":0},"end":{"line":17,"column":10}},"17":{"start":{"line":18,"column":0},"end":{"line":18,"column":21}},"18":{"start":{"line":19,"column":0},"end":{"line":19,"column":39}},"19":{"start":{"line":20,"column":0},"end":{"line":20,"column":16}},"20":{"start":{"line":21,"column":0},"end":{"line":21,"column":16}},"21":{"start":{"line":22,"column":0},"end":{"line":22,"column":7}},"22":{"start":{"line":23,"column":0},"end":{"line":23,"column":14}},"23":{"start":{"line":24,"column":0},"end":{"line":24,"column":33}},"24":{"start":{"line":25,"column":0},"end":{"line":25,"column":22}},"25":{"start":{"line":26,"column":0},"end":{"line":26,"column":8}},"26":{"start":{"line":27,"column":0},"end":{"line":27,"column":6}},"27":{"start":{"line":28,"column":0},"end":{"line":28,"column":27}},"28":{"start":{"line":29,"column":0},"end":{"line":29,"column":4}},"29":{"start":{"line":30,"column":0},"end":{"line":30,"column":2}},"30":{"start":{"line":31,"column":0},"end":{"line":31,"column":0}},"31":{"start":{"line":32,"column":0},"end":{"line":32,"column":33}}},"s":{"0":1,"1":1,"2":1,"3":1,"4":1,"5":1,"6":1,"7":1,"8":1,"9":1,"10":1,"11":1,"12":1,"13":1,"14":1,"15":1,"16":1,"17":1,"18":1,"19":1,"20":1,"21":1,"22":1,"23":1,"24":1,"25":1,"26":1,"27":1,"28":1,"29":1,"30":1,"31":1},"branchMap":{},"b":{},"fnMap":{},"f":{}}
,"E:\\Coding Repos\\ExpressJS\\Ascenda Loyalty Test\\Ascenda Loyalty Test\\controllers\\offerController.js": {"path":"E:\\Coding Repos\\ExpressJS\\Ascenda Loyalty Test\\Ascenda Loyalty Test\\controllers\\offerController.js","all":false,"statementMap":{"0":{"start":{"line":1,"column":0},"end":{"line":1,"column":41}},"1":{"start":{"line":2,"column":0},"end":{"line":2,"column":58}},"2":{"start":{"line":3,"column":0},"end":{"line":3,"column":33}},"3":{"start":{"line":4,"column":0},"end":{"line":4,"column":0}},"4":{"start":{"line":5,"column":0},"end":{"line":5,"column":37}},"5":{"start":{"line":6,"column":0},"end":{"line":6,"column":45}},"6":{"start":{"line":7,"column":0},"end":{"line":7,"column":7}},"7":{"start":{"line":8,"column":0},"end":{"line":8,"column":41}},"8":{"start":{"line":9,"column":0},"end":{"line":9,"column":42}},"9":{"start":{"line":10,"column":0},"end":{"line":10,"column":28}},"10":{"start":{"line":11,"column":0},"end":{"line":11,"column":35}},"11":{"start":{"line":12,"column":0},"end":{"line":12,"column":23}},"12":{"start":{"line":13,"column":0},"end":{"line":13,"column":31}},"13":{"start":{"line":14,"column":0},"end":{"line":14,"column":9}},"14":{"start":{"line":15,"column":0},"end":{"line":15,"column":5}},"15":{"start":{"line":16,"column":0},"end":{"line":16,"column":42}},"16":{"start":{"line":17,"column":0},"end":{"line":17,"column":66}},"17":{"start":{"line":18,"column":0},"end":{"line":18,"column":20}},"18":{"start":{"line":19,"column":0},"end":{"line":19,"column":35}},"19":{"start":{"line":20,"column":0},"end":{"line":20,"column":17}},"20":{"start":{"line":21,"column":0},"end":{"line":21,"column":19}},"21":{"start":{"line":22,"column":0},"end":{"line":22,"column":46}},"22":{"start":{"line":23,"column":0},"end":{"line":23,"column":3}},"23":{"start":{"line":24,"column":0},"end":{"line":24,"column":2}},"24":{"start":{"line":25,"column":0},"end":{"line":25,"column":0}},"25":{"start":{"line":26,"column":0},"end":{"line":26,"column":20}},"26":{"start":{"line":27,"column":0},"end":{"line":27,"column":40}},"27":{"start":{"line":28,"column":0},"end":{"line":28,"column":45}},"28":{"start":{"line":29,"column":0},"end":{"line":29,"column":37}},"29":{"start":{"line":30,"column":0},"end":{"line":30,"column":14}},"30":{"start":{"line":31,"column":0},"end":{"line":31,"column":37}},"31":{"start":{"line":32,"column":0},"end":{"line":32,"column":3}},"32":{"start":{"line":33,"column":0},"end":{"line":33,"column":7}},"33":{"start":{"line":34,"column":0},"end":{"line":34,"column":36}},"34":{"start":{"line":35,"column":0},"end":{"line":35,"column":17}},"35":{"start":{"line":36,"column":0},"end":{"line":36,"column":25}},"36":{"start":{"line":37,"column":0},"end":{"line":37,"column":3}},"37":{"start":{"line":38,"column":0},"end":{"line":38,"column":14}},"38":{"start":{"line":39,"column":0},"end":{"line":39,"column":2}},"39":{"start":{"line":40,"column":0},"end":{"line":40,"column":0}},"40":{"start":{"line":41,"column":0},"end":{"line":41,"column":60}},"41":{"start":{"line":42,"column":0},"end":{"line":42,"column":46}},"42":{"start":{"line":43,"column":0},"end":{"line":43,"column":30}},"43":{"start":{"line":44,"column":0},"end":{"line":44,"column":45}},"44":{"start":{"line":45,"column":0},"end":{"line":45,"column":62}},"45":{"start":{"line":46,"column":0},"end":{"line":46,"column":55}},"46":{"start":{"line":47,"column":0},"end":{"line":47,"column":58}},"47":{"start":{"line":48,"column":0},"end":{"line":48,"column":68}},"48":{"start":{"line":49,"column":0},"end":{"line":49,"column":23}},"49":{"start":{"line":50,"column":0},"end":{"line":50,"column":2}},"50":{"start":{"line":51,"column":0},"end":{"line":51,"column":0}},"51":{"start":{"line":52,"column":0},"end":{"line":52,"column":67}},"52":{"start":{"line":53,"column":0},"end":{"line":53,"column":34}},"53":{"start":{"line":54,"column":0},"end":{"line":54,"column":48}},"54":{"start":{"line":55,"column":0},"end":{"line":55,"column":79}},"55":{"start":{"line":56,"column":0},"end":{"line":56,"column":19}},"56":{"start":{"line":57,"column":0},"end":{"line":57,"column":5}},"57":{"start":{"line":58,"column":0},"end":{"line":58,"column":5}},"58":{"start":{"line":59,"column":0},"end":{"line":59,"column":22}},"59":{"start":{"line":60,"column":0},"end":{"line":60,"column":2}},"60":{"start":{"line":61,"column":0},"end":{"line":61,"column":0}},"61":{"start":{"line":62,"column":0},"end":{"line":62,"column":88}},"62":{"start":{"line":63,"column":0},"end":{"line":63,"column":48}},"63":{"start":{"line":64,"column":0},"end":{"line":64,"column":46}},"64":{"start":{"line":65,"column":0},"end":{"line":65,"column":71}},"65":{"start":{"line":66,"column":0},"end":{"line":66,"column":4}},"66":{"start":{"line":67,"column":0},"end":{"line":67,"column":22}},"67":{"start":{"line":68,"column":0},"end":{"line":68,"column":2}},"68":{"start":{"line":69,"column":0},"end":{"line":69,"column":0}},"69":{"start":{"line":70,"column":0},"end":{"line":70,"column":56}},"70":{"start":{"line":71,"column":0},"end":{"line":71,"column":41}},"71":{"start":{"line":72,"column":0},"end":{"line":72,"column":28}},"72":{"start":{"line":73,"column":0},"end":{"line":73,"column":60}},"73":{"start":{"line":74,"column":0},"end":{"line":74,"column":50}},"74":{"start":{"line":75,"column":0},"end":{"line":75,"column":5}},"75":{"start":{"line":76,"column":0},"end":{"line":76,"column":14}},"76":{"start":{"line":77,"column":0},"end":{"line":77,"column":2}},"77":{"start":{"line":78,"column":0},"end":{"line":78,"column":0}},"78":{"start":{"line":79,"column":0},"end":{"line":79,"column":65}},"79":{"start":{"line":80,"column":0},"end":{"line":80,"column":44}},"80":{"start":{"line":81,"column":0},"end":{"line":81,"column":73}},"81":{"start":{"line":82,"column":0},"end":{"line":82,"column":14}},"82":{"start":{"line":83,"column":0},"end":{"line":83,"column":2}},"83":{"start":{"line":84,"column":0},"end":{"line":84,"column":0}},"84":{"start":{"line":85,"column":0},"end":{"line":85,"column":65}},"85":{"start":{"line":86,"column":0},"end":{"line":86,"column":54}},"86":{"start":{"line":87,"column":0},"end":{"line":87,"column":28}},"87":{"start":{"line":88,"column":0},"end":{"line":88,"column":32}},"88":{"start":{"line":89,"column":0},"end":{"line":89,"column":41}},"89":{"start":{"line":90,"column":0},"end":{"line":90,"column":26}},"90":{"start":{"line":91,"column":0},"end":{"line":91,"column":55}},"91":{"start":{"line":92,"column":0},"end":{"line":92,"column":33}},"92":{"start":{"line":93,"column":0},"end":{"line":93,"column":46}},"93":{"start":{"line":94,"column":0},"end":{"line":94,"column":40}},"94":{"start":{"line":95,"column":0},"end":{"line":95,"column":14}},"95":{"start":{"line":96,"column":0},"end":{"line":96,"column":7}},"96":{"start":{"line":97,"column":0},"end":{"line":97,"column":5}},"97":{"start":{"line":98,"column":0},"end":{"line":98,"column":3}},"98":{"start":{"line":99,"column":0},"end":{"line":99,"column":24}},"99":{"start":{"line":100,"column":0},"end":{"line":100,"column":2}},"100":{"start":{"line":101,"column":0},"end":{"line":101,"column":0}},"101":{"start":{"line":102,"column":0},"end":{"line":102,"column":18}},"102":{"start":{"line":103,"column":0},"end":{"line":103,"column":18}},"103":{"start":{"line":104,"column":0},"end":{"line":104,"column":13}},"104":{"start":{"line":105,"column":0},"end":{"line":105,"column":17}},"105":{"start":{"line":106,"column":0},"end":{"line":106,"column":18}},"106":{"start":{"line":107,"column":0},"end":{"line":107,"column":24}},"107":{"start":{"line":108,"column":0},"end":{"line":108,"column":37}},"108":{"start":{"line":109,"column":0},"end":{"line":109,"column":2}}},"s":{"0":1,"1":1,"2":1,"3":1,"4":1,"5":1,"6":4,"7":4,"8":4,"9":4,"10":0,"11":0,"12":0,"13":0,"14":0,"15":4,"16":3,"17":3,"18":3,"19":4,"20":1,"21":1,"22":1,"23":4,"24":1,"25":1,"26":1,"27":4,"28":4,"29":4,"30":0,"31":0,"32":4,"33":4,"34":4,"35":1,"36":1,"37":3,"38":3,"39":1,"40":1,"41":1,"42":3,"43":3,"44":3,"45":3,"46":3,"47":3,"48":3,"49":3,"50":1,"51":1,"52":1,"53":4,"54":23,"55":19,"56":19,"57":4,"58":4,"59":4,"60":1,"61":1,"62":1,"63":4,"64":16,"65":4,"66":4,"67":4,"68":1,"69":1,"70":1,"71":4,"72":14,"73":14,"74":4,"75":4,"76":4,"77":1,"78":1,"79":1,"80":3,"81":3,"82":3,"83":1,"84":1,"85":1,"86":4,"87":4,"88":4,"89":9,"90":9,"91":8,"92":8,"93":8,"94":4,"95":4,"96":8,"97":9,"98":4,"99":4,"100":1,"101":1,"102":1,"103":1,"104":1,"105":1,"106":1,"107":1,"108":1},"branchMap":{"0":{"type":"branch","line":6,"loc":{"start":{"line":6,"column":24},"end":{"line":24,"column":2}},"locations":[{"start":{"line":6,"column":24},"end":{"line":24,"column":2}}]},"1":{"type":"branch","line":10,"loc":{"start":{"line":10,"column":27},"end":{"line":15,"column":5}},"locations":[{"start":{"line":10,"column":27},"end":{"line":15,"column":5}}]},"2":{"type":"branch","line":16,"loc":{"start":{"line":16,"column":41},"end":{"line":20,"column":4}},"locations":[{"start":{"line":16,"column":41},"end":{"line":20,"column":4}}]},"3":{"type":"branch","line":20,"loc":{"start":{"line":20,"column":4},"end":{"line":23,"column":3}},"locations":[{"start":{"line":20,"column":4},"end":{"line":23,"column":3}}]},"4":{"type":"branch","line":27,"loc":{"start":{"line":27,"column":19},"end":{"line":39,"column":2}},"locations":[{"start":{"line":27,"column":19},"end":{"line":39,"column":2}}]},"5":{"type":"branch","line":30,"loc":{"start":{"line":30,"column":13},"end":{"line":32,"column":3}},"locations":[{"start":{"line":30,"column":13},"end":{"line":32,"column":3}}]},"6":{"type":"branch","line":34,"loc":{"start":{"line":34,"column":35},"end":{"line":35,"column":4}},"locations":[{"start":{"line":34,"column":35},"end":{"line":35,"column":4}}]},"7":{"type":"branch","line":35,"loc":{"start":{"line":35,"column":4},"end":{"line":37,"column":3}},"locations":[{"start":{"line":35,"column":4},"end":{"line":37,"column":3}}]},"8":{"type":"branch","line":37,"loc":{"start":{"line":37,"column":2},"end":{"line":39,"column":2}},"locations":[{"start":{"line":37,"column":2},"end":{"line":39,"column":2}}]},"9":{"type":"branch","line":42,"loc":{"start":{"line":42,"column":22},"end":{"line":50,"column":2}},"locations":[{"start":{"line":42,"column":22},"end":{"line":50,"column":2}}]},"10":{"type":"branch","line":53,"loc":{"start":{"line":53,"column":24},"end":{"line":60,"column":2}},"locations":[{"start":{"line":53,"column":24},"end":{"line":60,"column":2}}]},"11":{"type":"branch","line":54,"loc":{"start":{"line":54,"column":37},"end":{"line":58,"column":3}},"locations":[{"start":{"line":54,"column":37},"end":{"line":58,"column":3}}]},"12":{"type":"branch","line":55,"loc":{"start":{"line":55,"column":28},"end":{"line":55,"column":52}},"locations":[{"start":{"line":55,"column":28},"end":{"line":55,"column":52}}]},"13":{"type":"branch","line":55,"loc":{"start":{"line":55,"column":52},"end":{"line":55,"column":76}},"locations":[{"start":{"line":55,"column":52},"end":{"line":55,"column":76}}]},"14":{"type":"branch","line":55,"loc":{"start":{"line":55,"column":78},"end":{"line":57,"column":5}},"locations":[{"start":{"line":55,"column":78},"end":{"line":57,"column":5}}]},"15":{"type":"branch","line":63,"loc":{"start":{"line":63,"column":24},"end":{"line":68,"column":2}},"locations":[{"start":{"line":63,"column":24},"end":{"line":68,"column":2}}]},"16":{"type":"branch","line":64,"loc":{"start":{"line":64,"column":37},"end":{"line":65,"column":71}},"locations":[{"start":{"line":64,"column":37},"end":{"line":65,"column":71}}]},"17":{"type":"branch","line":71,"loc":{"start":{"line":71,"column":31},"end":{"line":77,"column":2}},"locations":[{"start":{"line":71,"column":31},"end":{"line":77,"column":2}}]},"18":{"type":"branch","line":72,"loc":{"start":{"line":72,"column":17},"end":{"line":75,"column":3}},"locations":[{"start":{"line":72,"column":17},"end":{"line":75,"column":3}}]},"19":{"type":"branch","line":73,"loc":{"start":{"line":73,"column":25},"end":{"line":73,"column":58}},"locations":[{"start":{"line":73,"column":25},"end":{"line":73,"column":58}}]},"20":{"type":"branch","line":80,"loc":{"start":{"line":80,"column":34},"end":{"line":83,"column":2}},"locations":[{"start":{"line":80,"column":34},"end":{"line":83,"column":2}}]},"21":{"type":"branch","line":81,"loc":{"start":{"line":81,"column":12},"end":{"line":81,"column":71}},"locations":[{"start":{"line":81,"column":12},"end":{"line":81,"column":71}}]},"22":{"type":"branch","line":86,"loc":{"start":{"line":86,"column":44},"end":{"line":100,"column":2}},"locations":[{"start":{"line":86,"column":44},"end":{"line":100,"column":2}}]},"23":{"type":"branch","line":89,"loc":{"start":{"line":89,"column":40},"end":{"line":98,"column":3}},"locations":[{"start":{"line":89,"column":40},"end":{"line":98,"column":3}}]},"24":{"type":"branch","line":91,"loc":{"start":{"line":91,"column":54},"end":{"line":97,"column":5}},"locations":[{"start":{"line":91,"column":54},"end":{"line":97,"column":5}}]},"25":{"type":"branch","line":94,"loc":{"start":{"line":94,"column":39},"end":{"line":96,"column":7}},"locations":[{"start":{"line":94,"column":39},"end":{"line":96,"column":7}}]}},"b":{"0":[4],"1":[0],"2":[3],"3":[1],"4":[4],"5":[0],"6":[3],"7":[1],"8":[3],"9":[3],"10":[4],"11":[23],"12":[18],"13":[8],"14":[19],"15":[4],"16":[16],"17":[4],"18":[14],"19":[8],"20":[3],"21":[9],"22":[4],"23":[9],"24":[8],"25":[4]},"fnMap":{"0":{"name":"getNearByOffers","decl":{"start":{"line":6,"column":24},"end":{"line":24,"column":2}},"loc":{"start":{"line":6,"column":24},"end":{"line":24,"column":2}},"line":6},"1":{"name":"getDataAPI","decl":{"start":{"line":27,"column":19},"end":{"line":39,"column":2}},"loc":{"start":{"line":27,"column":19},"end":{"line":39,"column":2}},"line":27},"2":{"name":"processOffers","decl":{"start":{"line":42,"column":22},"end":{"line":50,"column":2}},"loc":{"start":{"line":42,"column":22},"end":{"line":50,"column":2}},"line":42},"3":{"name":"filterCategory","decl":{"start":{"line":53,"column":24},"end":{"line":60,"column":2}},"loc":{"start":{"line":53,"column":24},"end":{"line":60,"column":2}},"line":53},"4":{"name":"filterValidDate","decl":{"start":{"line":63,"column":24},"end":{"line":68,"column":2}},"loc":{"start":{"line":63,"column":24},"end":{"line":68,"column":2}},"line":63},"5":{"name":"filterClosestMerchant","decl":{"start":{"line":71,"column":31},"end":{"line":77,"column":2}},"loc":{"start":{"line":71,"column":31},"end":{"line":77,"column":2}},"line":71},"6":{"name":"sortClosestOfferMerchant","decl":{"start":{"line":80,"column":34},"end":{"line":83,"column":2}},"loc":{"start":{"line":80,"column":34},"end":{"line":83,"column":2}},"line":80},"7":{"name":"filterLast2OffersDifferentCategory","decl":{"start":{"line":86,"column":44},"end":{"line":100,"column":2}},"loc":{"start":{"line":86,"column":44},"end":{"line":100,"column":2}},"line":86}},"f":{"0":4,"1":4,"2":3,"3":4,"4":4,"5":4,"6":3,"7":4}}
,"E:\\Coding Repos\\ExpressJS\\Ascenda Loyalty Test\\Ascenda Loyalty Test\\models\\Offer.js": {"path":"E:\\Coding Repos\\ExpressJS\\Ascenda Loyalty Test\\Ascenda Loyalty Test\\models\\Offer.js","all":false,"statementMap":{"0":{"start":{"line":1,"column":0},"end":{"line":1,"column":27}},"1":{"start":{"line":2,"column":0},"end":{"line":2,"column":26}},"2":{"start":{"line":3,"column":0},"end":{"line":3,"column":21}},"3":{"start":{"line":4,"column":0},"end":{"line":4,"column":11}},"4":{"start":{"line":5,"column":0},"end":{"line":5,"column":18}},"5":{"start":{"line":6,"column":0},"end":{"line":6,"column":36}},"6":{"start":{"line":7,"column":0},"end":{"line":7,"column":39}},"7":{"start":{"line":8,"column":0},"end":{"line":8,"column":45}},"8":{"start":{"line":9,"column":0},"end":{"line":9,"column":42}},"9":{"start":{"line":10,"column":0},"end":{"line":10,"column":30}},"10":{"start":{"line":11,"column":0},"end":{"line":11,"column":17}},"11":{"start":{"line":12,"column":0},"end":{"line":12,"column":24}},"12":{"start":{"line":13,"column":0},"end":{"line":13,"column":42}},"13":{"start":{"line":14,"column":0},"end":{"line":14,"column":44}},"14":{"start":{"line":15,"column":0},"end":{"line":15,"column":48}},"15":{"start":{"line":16,"column":0},"end":{"line":16,"column":14}},"16":{"start":{"line":17,"column":0},"end":{"line":17,"column":11}},"17":{"start":{"line":18,"column":0},"end":{"line":18,"column":22}},"18":{"start":{"line":19,"column":0},"end":{"line":19,"column":40}},"19":{"start":{"line":20,"column":0},"end":{"line":20,"column":19}},"20":{"start":{"line":21,"column":0},"end":{"line":21,"column":5}},"21":{"start":{"line":22,"column":0},"end":{"line":22,"column":16}},"22":{"start":{"line":23,"column":0},"end":{"line":23,"column":3}},"23":{"start":{"line":24,"column":0},"end":{"line":24,"column":0}},"24":{"start":{"line":25,"column":0},"end":{"line":25,"column":23}}},"s":{"0":1,"1":1,"2":1,"3":1,"4":1,"5":1,"6":1,"7":1,"8":1,"9":1,"10":1,"11":1,"12":1,"13":1,"14":1,"15":1,"16":1,"17":1,"18":1,"19":1,"20":1,"21":1,"22":1,"23":1,"24":1},"branchMap":{},"b":{},"fnMap":{},"f":{}}
,"E:\\Coding Repos\\ExpressJS\\Ascenda Loyalty Test\\Ascenda Loyalty Test\\validations\\offer.validation.js": {"path":"E:\\Coding Repos\\ExpressJS\\Ascenda Loyalty Test\\Ascenda Loyalty Test\\validations\\offer.validation.js","all":false,"statementMap":{"0":{"start":{"line":1,"column":0},"end":{"line":1,"column":29}},"1":{"start":{"line":2,"column":0},"end":{"line":2,"column":8}},"2":{"start":{"line":3,"column":0},"end":{"line":3,"column":13}},"3":{"start":{"line":4,"column":0},"end":{"line":4,"column":38}},"4":{"start":{"line":5,"column":0},"end":{"line":5,"column":36}},"5":{"start":{"line":6,"column":0},"end":{"line":6,"column":6}},"6":{"start":{"line":7,"column":0},"end":{"line":7,"column":59}},"7":{"start":{"line":8,"column":0},"end":{"line":8,"column":4}},"8":{"start":{"line":9,"column":0},"end":{"line":9,"column":16}},"9":{"start":{"line":10,"column":0},"end":{"line":10,"column":13}},"10":{"start":{"line":11,"column":0},"end":{"line":11,"column":48}},"11":{"start":{"line":12,"column":0},"end":{"line":12,"column":36}},"12":{"start":{"line":13,"column":0},"end":{"line":13,"column":6}},"13":{"start":{"line":14,"column":0},"end":{"line":14,"column":55}},"14":{"start":{"line":15,"column":0},"end":{"line":15,"column":4}},"15":{"start":{"line":16,"column":0},"end":{"line":16,"column":2}},"16":{"start":{"line":17,"column":0},"end":{"line":17,"column":0}},"17":{"start":{"line":18,"column":0},"end":{"line":18,"column":37}}},"s":{"0":1,"1":1,"2":1,"3":1,"4":1,"5":1,"6":1,"7":1,"8":1,"9":1,"10":1,"11":1,"12":1,"13":1,"14":1,"15":1,"16":1,"17":1},"branchMap":{},"b":{},"fnMap":{},"f":{}}
}
