TN:
SF:__test__\controllers\mockReponseCase.js
FNF:0
FNH:0
DA:1,1
DA:2,1
DA:3,1
DA:4,1
DA:5,1
DA:6,1
DA:7,1
DA:8,1
DA:9,1
DA:10,1
DA:11,1
DA:12,1
DA:13,1
DA:14,1
DA:15,1
DA:16,1
DA:17,1
DA:18,1
DA:19,1
DA:20,1
DA:21,1
DA:22,1
DA:23,1
DA:24,1
DA:25,1
DA:26,1
DA:27,1
DA:28,1
DA:29,1
DA:30,1
DA:31,1
DA:32,1
LF:32
LH:32
BRF:0
BRH:0
end_of_record
TN:
SF:controllers\offerController.js
FN:6,getNearByOffers
FN:27,getDataAPI
FN:42,processOffers
FN:53,filterCategory
FN:63,filterValidDate
FN:71,filterClosestMerchant
FN:80,sortClosestOfferMerchant
FN:86,filterLast2OffersDifferentCategory
FNF:8
FNH:8
FNDA:4,getNearByOffers
FNDA:4,getDataAPI
FNDA:3,processOffers
FNDA:4,filterCategory
FNDA:4,filterValidDate
FNDA:4,filterClosestMerchant
FNDA:3,sortClosestOfferMerchant
FNDA:4,filterLast2OffersDifferentCategory
DA:1,1
DA:2,1
DA:3,1
DA:4,1
DA:5,1
DA:6,1
DA:7,4
DA:8,4
DA:9,4
DA:10,4
DA:11,0
DA:12,0
DA:13,0
DA:14,0
DA:15,0
DA:16,4
DA:17,3
DA:18,3
DA:19,3
DA:20,4
DA:21,1
DA:22,1
DA:23,1
DA:24,4
DA:25,1
DA:26,1
DA:27,1
DA:28,4
DA:29,4
DA:30,4
DA:31,0
DA:32,0
DA:33,4
DA:34,4
DA:35,4
DA:36,1
DA:37,1
DA:38,3
DA:39,3
DA:40,1
DA:41,1
DA:42,1
DA:43,3
DA:44,3
DA:45,3
DA:46,3
DA:47,3
DA:48,3
DA:49,3
DA:50,3
DA:51,1
DA:52,1
DA:53,1
DA:54,4
DA:55,23
DA:56,19
DA:57,19
DA:58,4
DA:59,4
DA:60,4
DA:61,1
DA:62,1
DA:63,1
DA:64,4
DA:65,16
DA:66,4
DA:67,4
DA:68,4
DA:69,1
DA:70,1
DA:71,1
DA:72,4
DA:73,14
DA:74,14
DA:75,4
DA:76,4
DA:77,4
DA:78,1
DA:79,1
DA:80,1
DA:81,3
DA:82,3
DA:83,3
DA:84,1
DA:85,1
DA:86,1
DA:87,4
DA:88,4
DA:89,4
DA:90,9
DA:91,9
DA:92,8
DA:93,8
DA:94,8
DA:95,4
DA:96,4
DA:97,8
DA:98,9
DA:99,4
DA:100,4
DA:101,1
DA:102,1
DA:103,1
DA:104,1
DA:105,1
DA:106,1
DA:107,1
DA:108,1
DA:109,1
LF:109
LH:102
BRDA:6,0,0,4
BRDA:10,1,0,0
BRDA:16,2,0,3
BRDA:20,3,0,1
BRDA:27,4,0,4
BRDA:30,5,0,0
BRDA:34,6,0,3
BRDA:35,7,0,1
BRDA:37,8,0,3
BRDA:42,9,0,3
BRDA:53,10,0,4
BRDA:54,11,0,23
BRDA:55,12,0,18
BRDA:55,13,0,8
BRDA:55,14,0,19
BRDA:63,15,0,4
BRDA:64,16,0,16
BRDA:71,17,0,4
BRDA:72,18,0,14
BRDA:73,19,0,8
BRDA:80,20,0,3
BRDA:81,21,0,9
BRDA:86,22,0,4
BRDA:89,23,0,9
BRDA:91,24,0,8
BRDA:94,25,0,4
BRF:26
BRH:24
end_of_record
TN:
SF:models\Offer.js
FNF:0
FNH:0
DA:1,1
DA:2,1
DA:3,1
DA:4,1
DA:5,1
DA:6,1
DA:7,1
DA:8,1
DA:9,1
DA:10,1
DA:11,1
DA:12,1
DA:13,1
DA:14,1
DA:15,1
DA:16,1
DA:17,1
DA:18,1
DA:19,1
DA:20,1
DA:21,1
DA:22,1
DA:23,1
DA:24,1
DA:25,1
LF:25
LH:25
BRF:0
BRH:0
end_of_record
TN:
SF:validations\offer.validation.js
FNF:0
FNH:0
DA:1,1
DA:2,1
DA:3,1
DA:4,1
DA:5,1
DA:6,1
DA:7,1
DA:8,1
DA:9,1
DA:10,1
DA:11,1
DA:12,1
DA:13,1
DA:14,1
DA:15,1
DA:16,1
DA:17,1
DA:18,1
LF:18
LH:18
BRF:0
BRH:0
end_of_record
